<?xml version="1.0" encoding="UTF-8"?>
<testng-results skipped="0" failed="0" ignored="0" total="1" passed="1">
  <reporter-output>
  </reporter-output>
  <suite name="Default suite" duration-ms="28951" started-at="2020-07-19T16:32:34Z" finished-at="2020-07-19T16:33:03Z">
    <groups>
    </groups>
    <test name="Default test" duration-ms="28951" started-at="2020-07-19T16:32:34Z" finished-at="2020-07-19T16:33:03Z">
      <class name="com.automstionpractice.test.AddToCartTest">
        <test-method status="PASS" signature="setup()[pri:0, instance:com.automstionpractice.test.AddToCartTest@6767c1fc]" name="setup" is-config="true" duration-ms="17983" started-at="2020-07-19T16:32:34Z" finished-at="2020-07-19T16:32:52Z">
          <reporter-output>
          </reporter-output>
        </test-method> <!-- setup -->
        <test-method status="PASS" signature="validateAddToCart()[pri:0, instance:com.automstionpractice.test.AddToCartTest@6767c1fc]" name="validateAddToCart" duration-ms="8573" started-at="2020-07-19T16:32:52Z" finished-at="2020-07-19T16:33:00Z">
          <reporter-output>
          </reporter-output>
        </test-method> <!-- validateAddToCart -->
        <test-method status="PASS" signature="validateLogin()[pri:0, instance:com.automstionpractice.test.AddToCartTest@6767c1fc]" name="validateLogin" is-config="true" duration-ms="2341" started-at="2020-07-19T16:33:00Z" finished-at="2020-07-19T16:33:03Z">
          <reporter-output>
          </reporter-output>
        </test-method> <!-- validateLogin -->
      </class> <!-- com.automstionpractice.test.AddToCartTest -->
    </test> <!-- Default test -->
  </suite> <!-- Default suite -->
</testng-results>
